This is pdfTeX, Version 3.14159265-2.6-1.40.17 (TeX Live 2016) (preloaded format=pdflatex 2016.12.20)  20 DEC 2016 18:46
entering extended mode
 restricted \write18 enabled.
 %&-line parsing enabled.
**prelim
(./prelim.tex
LaTeX2e <2016/03/31>
Babel <3.9r> and hyphenation patterns for 22 language(s) loaded.
(/usr/local/texlive/2016basic/texmf-dist/tex/latex/base/article.cls
Document Class: article 2014/09/29 v1.4h Standard LaTeX document class
(/usr/local/texlive/2016basic/texmf-dist/tex/latex/base/size10.clo
File: size10.clo 2014/09/29 v1.4h Standard LaTeX file (size option)
)
\c@part=\count79
\c@section=\count80
\c@subsection=\count81
\c@subsubsection=\count82
\c@paragraph=\count83
\c@subparagraph=\count84
\c@figure=\count85
\c@table=\count86
\abovecaptionskip=\skip41
\belowcaptionskip=\skip42
\bibindent=\dimen102
)
(/usr/local/texlive/2016basic/texmf-dist/tex/latex/graphics/epsfig.sty
Package: epsfig 1999/02/16 v1.7a (e)psfig emulation (SPQR)

(/usr/local/texlive/2016basic/texmf-dist/tex/latex/graphics/graphicx.sty
Package: graphicx 2014/10/28 v1.0g Enhanced LaTeX Graphics (DPC,SPQR)

(/usr/local/texlive/2016basic/texmf-dist/tex/latex/graphics/keyval.sty
Package: keyval 2014/10/28 v1.15 key=value parser (DPC)
\KV@toks@=\toks14
)
(/usr/local/texlive/2016basic/texmf-dist/tex/latex/graphics/graphics.sty
Package: graphics 2016/05/09 v1.0r Standard LaTeX Graphics (DPC,SPQR)

(/usr/local/texlive/2016basic/texmf-dist/tex/latex/graphics/trig.sty
Package: trig 2016/01/03 v1.10 sin cos tan (DPC)
)
(/usr/local/texlive/2016basic/texmf-dist/tex/latex/graphics-cfg/graphics.cfg
File: graphics.cfg 2016/01/02 v1.10 sample graphics configuration
)
Package graphics Info: Driver file: pdftex.def on input line 96.

(/usr/local/texlive/2016basic/texmf-dist/tex/latex/pdftex-def/pdftex.def
File: pdftex.def 2011/05/27 v0.06d Graphics/color for pdfTeX

(/usr/local/texlive/2016basic/texmf-dist/tex/generic/oberdiek/infwarerr.sty
Package: infwarerr 2016/05/16 v1.4 Providing info/warning/error messages (HO)
)
(/usr/local/texlive/2016basic/texmf-dist/tex/generic/oberdiek/ltxcmds.sty
Package: ltxcmds 2016/05/16 v1.23 LaTeX kernel commands for general use (HO)
)
\Gread@gobject=\count87
))
\Gin@req@height=\dimen103
\Gin@req@width=\dimen104
)
\epsfxsize=\dimen105
\epsfysize=\dimen106
)
(/usr/local/texlive/2016basic/texmf-dist/tex/latex/float/float.sty
Package: float 2001/11/08 v1.3d Float enhancements (AL)
\c@float@type=\count88
\float@exts=\toks15
\float@box=\box26
\@float@everytoks=\toks16
\@floatcapt=\box27
)

! LaTeX Error: File `wrapfig.sty' not found.

Type X to quit or <RETURN> to proceed,
or enter new name. (Default extension: sty)

Enter file name: 
(/usr/local/texlive/2016basic/texmf-dist/tex/latex/geometry/geometry.sty
Package: geometry 2010/09/12 v5.6 Page Geometry

(/usr/local/texlive/2016basic/texmf-dist/tex/generic/oberdiek/ifpdf.sty
Package: ifpdf 2016/05/14 v3.1 Provides the ifpdf switch
)
(/usr/local/texlive/2016basic/texmf-dist/tex/generic/oberdiek/ifvtex.sty
Package: ifvtex 2016/05/16 v1.6 Detect VTeX and its facilities (HO)
Package ifvtex Info: VTeX not detected.
)
(/usr/local/texlive/2016basic/texmf-dist/tex/generic/ifxetex/ifxetex.sty
Package: ifxetex 2010/09/12 v0.6 Provides ifxetex conditional
)
\Gm@cnth=\count89
\Gm@cntv=\count90
\c@Gm@tempcnt=\count91
\Gm@bindingoffset=\dimen107
\Gm@wd@mp=\dimen108
\Gm@odd@mp=\dimen109
\Gm@even@mp=\dimen110
\Gm@layoutwidth=\dimen111
\Gm@layoutheight=\dimen112
\Gm@layouthoffset=\dimen113
\Gm@layoutvoffset=\dimen114
\Gm@dimlist=\toks17
)
(/usr/local/texlive/2016basic/texmf-dist/tex/latex/setspace/setspace.sty
Package: setspace 2011/12/19 v6.7a set line spacing
)

! LaTeX Error: File `multirow.sty' not found.

Type X to quit or <RETURN> to proceed,
or enter new name. (Default extension: sty)

Enter file name: 

! LaTeX Error: File `paralist.sty' not found.

Type X to quit or <RETURN> to proceed,
or enter new name. (Default extension: sty)

Enter file name: 
(/usr/local/texlive/2016basic/texmf-dist/tex/latex/listings/listings.sty
\lst@mode=\count92
\lst@gtempboxa=\box28
\lst@token=\toks18
\lst@length=\count93
\lst@currlwidth=\dimen115
\lst@column=\count94
\lst@pos=\count95
\lst@lostspace=\dimen116
\lst@width=\dimen117
\lst@newlines=\count96
\lst@lineno=\count97
\lst@maxwidth=\dimen118

(/usr/local/texlive/2016basic/texmf-dist/tex/latex/listings/lstmisc.sty
File: lstmisc.sty 2015/06/04 1.6 (Carsten Heinz)
\c@lstnumber=\count98
\lst@skipnumbers=\count99
\lst@framebox=\box29
)
(/usr/local/texlive/2016basic/texmf-dist/tex/latex/listings/listings.cfg
File: listings.cfg 2015/06/04 1.6 listings configuration
))
Package: listings 2015/06/04 1.6 (Carsten Heinz)

(/usr/local/texlive/2016basic/texmf-dist/tex/latex/booktabs/booktabs.sty
Package: booktabs 2016/04/27 v1.618033 publication quality tables
\heavyrulewidth=\dimen119
\lightrulewidth=\dimen120
\cmidrulewidth=\dimen121
\belowrulesep=\dimen122
\belowbottomsep=\dimen123
\aboverulesep=\dimen124
\abovetopsep=\dimen125
\cmidrulesep=\dimen126
\cmidrulekern=\dimen127
\defaultaddspace=\dimen128
\@cmidla=\count100
\@cmidlb=\count101
\@aboverulesep=\dimen129
\@belowrulesep=\dimen130
\@thisruleclass=\count102
\@lastruleclass=\count103
\@thisrulewidth=\dimen131
)
(/usr/local/texlive/2016basic/texmf-dist/tex/generic/ulem/ulem.sty
\UL@box=\box30
\UL@hyphenbox=\box31
\UL@skip=\skip43
\UL@hook=\toks19
\UL@height=\dimen132
\UL@pe=\count104
\UL@pixel=\dimen133
\ULC@box=\box32
Package: ulem 2012/05/18
\ULdepth=\dimen134
)
(/usr/local/texlive/2016basic/texmf-dist/tex/latex/mathtools/mathtools.sty
Package: mathtools 2015/11/12 v1.18 mathematical typesetting tools

(/usr/local/texlive/2016basic/texmf-dist/tex/latex/tools/calc.sty
Package: calc 2014/10/28 v4.3 Infix arithmetic (KKT,FJ)
\calc@Acount=\count105
\calc@Bcount=\count106
\calc@Adimen=\dimen135
\calc@Bdimen=\dimen136
\calc@Askip=\skip44
\calc@Bskip=\skip45
LaTeX Info: Redefining \setlength on input line 80.
LaTeX Info: Redefining \addtolength on input line 81.
\calc@Ccount=\count107
\calc@Cskip=\skip46
)
(/usr/local/texlive/2016basic/texmf-dist/tex/latex/mathtools/mhsetup.sty
Package: mhsetup 2010/01/21 v1.2a programming setup (MH)
)
(/usr/local/texlive/2016basic/texmf-dist/tex/latex/amsmath/amsmath.sty
Package: amsmath 2016/03/10 v2.15b AMS math features
\@mathmargin=\skip47

For additional information on amsmath, use the `?' option.
(/usr/local/texlive/2016basic/texmf-dist/tex/latex/amsmath/amstext.sty
Package: amstext 2000/06/29 v2.01 AMS text

(/usr/local/texlive/2016basic/texmf-dist/tex/latex/amsmath/amsgen.sty
File: amsgen.sty 1999/11/30 v2.0 generic functions
\@emptytoks=\toks20
\ex@=\dimen137
))
(/usr/local/texlive/2016basic/texmf-dist/tex/latex/amsmath/amsbsy.sty
Package: amsbsy 1999/11/29 v1.2d Bold Symbols
\pmbraise@=\dimen138
)
(/usr/local/texlive/2016basic/texmf-dist/tex/latex/amsmath/amsopn.sty
Package: amsopn 2016/03/08 v2.02 operator names
)
\inf@bad=\count108
LaTeX Info: Redefining \frac on input line 199.
\uproot@=\count109
\leftroot@=\count110
LaTeX Info: Redefining \overline on input line 297.
\classnum@=\count111
\DOTSCASE@=\count112
LaTeX Info: Redefining \ldots on input line 394.
LaTeX Info: Redefining \dots on input line 397.
LaTeX Info: Redefining \cdots on input line 518.
\Mathstrutbox@=\box33
\strutbox@=\box34
\big@size=\dimen139
LaTeX Font Info:    Redeclaring font encoding OML on input line 634.
LaTeX Font Info:    Redeclaring font encoding OMS on input line 635.
\macc@depth=\count113
\c@MaxMatrixCols=\count114
\dotsspace@=\muskip10
\c@parentequation=\count115
\dspbrk@lvl=\count116
\tag@help=\toks21
\row@=\count117
\column@=\count118
\maxfields@=\count119
\andhelp@=\toks22
\eqnshift@=\dimen140
\alignsep@=\dimen141
\tagshift@=\dimen142
\tagwidth@=\dimen143
\totwidth@=\dimen144
\lineht@=\dimen145
\@envbody=\toks23
\multlinegap=\skip48
\multlinetaggap=\skip49
\mathdisplay@stack=\toks24
LaTeX Info: Redefining \[ on input line 2739.
LaTeX Info: Redefining \] on input line 2740.
)
LaTeX Info: Thecontrolsequence`\('isalreadyrobust on input line 129.
LaTeX Info: Thecontrolsequence`\)'isalreadyrobust on input line 129.
LaTeX Info: Thecontrolsequence`\['isalreadyrobust on input line 129.
LaTeX Info: Thecontrolsequence`\]'isalreadyrobust on input line 129.
\g_MT_multlinerow_int=\count120
\l_MT_multwidth_dim=\dimen146
\origjot=\skip50
\l_MT_shortvdotswithinadjustabove_dim=\dimen147
\l_MT_shortvdotswithinadjustbelow_dim=\dimen148
\l_MT_above_intertext_sep=\dimen149
\l_MT_below_intertext_sep=\dimen150
\l_MT_above_shortintertext_sep=\dimen151
\l_MT_below_shortintertext_sep=\dimen152
)
(/usr/local/texlive/2016basic/texmf-dist/tex/latex/ms/ragged2e.sty
Package: ragged2e 2009/05/21 v2.1 ragged2e Package (MS)

(/usr/local/texlive/2016basic/texmf-dist/tex/latex/ms/everysel.sty
Package: everysel 2011/10/28 v1.2 EverySelectfont Package (MS)
)
\CenteringLeftskip=\skip51
\RaggedLeftLeftskip=\skip52
\RaggedRightLeftskip=\skip53
\CenteringRightskip=\skip54
\RaggedLeftRightskip=\skip55
\RaggedRightRightskip=\skip56
\CenteringParfillskip=\skip57
\RaggedLeftParfillskip=\skip58
\RaggedRightParfillskip=\skip59
\JustifyingParfillskip=\skip60
\CenteringParindent=\skip61
\RaggedLeftParindent=\skip62
\RaggedRightParindent=\skip63
\JustifyingParindent=\skip64
)
(/usr/local/texlive/2016basic/texmf-dist/tex/latex/rotating/rotating.sty
Package: rotating 2009/03/28 v2.16a rotated objects in LaTeX

(/usr/local/texlive/2016basic/texmf-dist/tex/latex/base/ifthen.sty
Package: ifthen 2014/09/29 v1.1c Standard LaTeX ifthen package (DPC)
)
\c@r@tfl@t=\count121
\rotFPtop=\skip65
\rotFPbot=\skip66
\rot@float@box=\box35
\rot@mess@toks=\toks25
)
(/usr/local/texlive/2016basic/texmf-dist/tex/latex/tools/array.sty
Package: array 2014/10/28 v2.4c Tabular extension package (FMi)
\col@sep=\dimen153
\extrarowheight=\dimen154
\NC@list=\toks26
\extratabsurround=\skip67
\backup@length=\skip68
)
(/usr/local/texlive/2016basic/texmf-dist/tex/latex/oberdiek/grffile.sty
Package: grffile 2016/05/16 v1.17 Extended file name support for graphics (HO)

(/usr/local/texlive/2016basic/texmf-dist/tex/latex/oberdiek/kvoptions.sty
Package: kvoptions 2016/05/16 v3.12 Key value format for package options (HO)

(/usr/local/texlive/2016basic/texmf-dist/tex/generic/oberdiek/kvsetkeys.sty
Package: kvsetkeys 2016/05/16 v1.17 Key value parser (HO)

(/usr/local/texlive/2016basic/texmf-dist/tex/generic/oberdiek/etexcmds.sty
Package: etexcmds 2016/05/16 v1.6 Avoid name clashes with e-TeX commands (HO)

(/usr/local/texlive/2016basic/texmf-dist/tex/generic/oberdiek/ifluatex.sty
Package: ifluatex 2016/05/16 v1.4 Provides the ifluatex switch (HO)
Package ifluatex Info: LuaTeX not detected.
)
Package etexcmds Info: Could not find \expanded.
(etexcmds)             That can mean that you are not using pdfTeX 1.50 or
(etexcmds)             that some package has redefined \expanded.
(etexcmds)             In the latter case, load this package earlier.
)))
(/usr/local/texlive/2016basic/texmf-dist/tex/generic/oberdiek/pdftexcmds.sty
Package: pdftexcmds 2016/05/10 v0.21 Utility functions of pdfTeX for LuaTeX (HO
)
Package pdftexcmds Info: LuaTeX not detected.
Package pdftexcmds Info: \pdf@primitive is available.
Package pdftexcmds Info: \pdf@ifprimitive is available.
Package pdftexcmds Info: \pdfdraftmode found.
)
Package grffile Info: Option `multidot' is set to `true'.
Package grffile Info: Option `extendedchars' is set to `false'.
Package grffile Info: Option `space' is set to `true'.
Package grffile Info: \Gin@ii of package `graphicx' fixed on input line 486.
)
(/usr/local/texlive/2016basic/texmf-dist/tex/latex/graphics/color.sty
Package: color 2016/05/09 v1.1c Standard LaTeX Color (DPC)

(/usr/local/texlive/2016basic/texmf-dist/tex/latex/graphics-cfg/color.cfg
File: color.cfg 2016/01/02 v1.6 sample color configuration
)
Package color Info: Driver file: pdftex.def on input line 144.
)
(/usr/local/texlive/2016basic/texmf-dist/tex/latex/xcolor/xcolor.sty
Package: xcolor 2016/05/11 v2.12 LaTeX color extensions (UK)

(/usr/local/texlive/2016basic/texmf-dist/tex/latex/graphics-cfg/color.cfg
File: color.cfg 2016/01/02 v1.6 sample color configuration
)
Package xcolor Info: Driver file: pdftex.def on input line 225.
LaTeX Info: Redefining \color on input line 709.
Package xcolor Info: Model `cmy' substituted by `cmy0' on input line 1348.
Package xcolor Info: Model `hsb' substituted by `rgb' on input line 1352.
Package xcolor Info: Model `RGB' extended on input line 1364.
Package xcolor Info: Model `HTML' substituted by `rgb' on input line 1366.
Package xcolor Info: Model `Hsb' substituted by `hsb' on input line 1367.
Package xcolor Info: Model `tHsb' substituted by `hsb' on input line 1368.
Package xcolor Info: Model `HSB' substituted by `hsb' on input line 1369.
Package xcolor Info: Model `Gray' substituted by `gray' on input line 1370.
Package xcolor Info: Model `wave' substituted by `hsb' on input line 1371.
)
(/usr/local/texlive/2016basic/texmf-dist/tex/latex/colortbl/colortbl.sty
Package: colortbl 2012/02/13 v1.0a Color table columns (DPC)
\everycr=\toks27
\minrowclearance=\skip69
)

! LaTeX Error: File `chngpage.sty' not found.

Type X to quit or <RETURN> to proceed,
or enter new name. (Default extension: sty)

Enter file name: 

! LaTeX Error: File `enumitem.sty' not found.

Type X to quit or <RETURN> to proceed,
or enter new name. (Default extension: sty)

Enter file name: 

! LaTeX Error: File `relsize.sty' not found.

Type X to quit or <RETURN> to proceed,
or enter new name. (Default extension: sty)

Enter file name: 
(/usr/local/texlive/2016basic/texmf-dist/tex/latex/caption/caption.sty
Package: caption 2016/02/21 v3.3-144 Customizing captions (AR)

(/usr/local/texlive/2016basic/texmf-dist/tex/latex/caption/caption3.sty
Package: caption3 2016/02/04 v1.7-139 caption3 kernel (AR)
Package caption3 Info: TeX engine: e-TeX on input line 67.
\captionmargin=\dimen155
\captionmargin@=\dimen156
\captionwidth=\dimen157
\caption@tempdima=\dimen158
\caption@indent=\dimen159
\caption@parindent=\dimen160
\caption@hangindent=\dimen161
)
\c@ContinuedFloat=\count122
Package caption Info: float package is loaded.
Package caption Info: listings package is loaded.
Package caption Info: rotating package is loaded.
Package caption Info: wrapfig package is loaded.


! Package caption Error: For a successful cooperation we need at least version
(caption)                `2003/01/31 v3.6' of package wrapfig,
(caption)                but only version
(caption)                `'
(caption)                is available.

See the caption package documentation for explanation.
Type  H <return>  for immediate help.
 ...                                              
                                                  
l.1793 }{}
          
? 
) (./prelim.aux)
\openout1 = `prelim.aux'.

LaTeX Font Info:    Checking defaults for OML/cmm/m/it on input line 46.
LaTeX Font Info:    ... okay on input line 46.
LaTeX Font Info:    Checking defaults for T1/cmr/m/n on input line 46.
LaTeX Font Info:    ... okay on input line 46.
LaTeX Font Info:    Checking defaults for OT1/cmr/m/n on input line 46.
LaTeX Font Info:    ... okay on input line 46.
LaTeX Font Info:    Checking defaults for OMS/cmsy/m/n on input line 46.
LaTeX Font Info:    ... okay on input line 46.
LaTeX Font Info:    Checking defaults for OMX/cmex/m/n on input line 46.
LaTeX Font Info:    ... okay on input line 46.
LaTeX Font Info:    Checking defaults for U/cmr/m/n on input line 46.
LaTeX Font Info:    ... okay on input line 46.

(/usr/local/texlive/2016basic/texmf-dist/tex/context/base/mkii/supp-pdf.mkii
[Loading MPS to PDF converter (version 2006.09.02).]
\scratchcounter=\count123
\scratchdimen=\dimen162
\scratchbox=\box36
\nofMPsegments=\count124
\nofMParguments=\count125
\everyMPshowfont=\toks28
\MPscratchCnt=\count126
\MPscratchDim=\dimen163
\MPnumerator=\count127
\makeMPintoPDFobject=\count128
\everyMPtoPDFconversion=\toks29
) (/usr/local/texlive/2016basic/texmf-dist/tex/latex/oberdiek/epstopdf-base.sty
Package: epstopdf-base 2016/05/15 v2.6 Base part for package epstopdf
(/usr/local/texlive/2016basic/texmf-dist/tex/latex/oberdiek/grfext.sty
Package: grfext 2016/05/16 v1.2 Manage graphics extensions (HO)

(/usr/local/texlive/2016basic/texmf-dist/tex/generic/oberdiek/kvdefinekeys.sty
Package: kvdefinekeys 2016/05/16 v1.4 Define keys (HO)
))
Package grfext Info: Graphics extension search list:
(grfext)             [.png,.pdf,.jpg,.mps,.jpeg,.jbig2,.jb2,.PNG,.PDF,.JPG,.JPE
G,.JBIG2,.JB2,.eps]
(grfext)             \AppendGraphicsExtensions on input line 456.

(/usr/local/texlive/2016basic/texmf-dist/tex/latex/latexconfig/epstopdf-sys.cfg
File: epstopdf-sys.cfg 2010/07/13 v1.3 Configuration of (r)epstopdf for TeX Liv
e
))
*geometry* driver: auto-detecting
*geometry* detected driver: pdftex
*geometry* verbose mode - [ preamble ] result:
* driver: pdftex
* paper: <default>
* layout: <same size as paper>
* layoutoffset:(h,v)=(0.0pt,0.0pt)
* modes: 
* h-part:(L,W,R)=(72.26999pt, 469.75502pt, 72.26999pt)
* v-part:(T,H,B)=(72.26999pt, 650.43001pt, 72.26999pt)
* \paperwidth=614.295pt
* \paperheight=794.96999pt
* \textwidth=469.75502pt
* \textheight=650.43001pt
* \oddsidemargin=0.0pt
* \evensidemargin=0.0pt
* \topmargin=-37.0pt
* \headheight=12.0pt
* \headsep=25.0pt
* \topskip=10.0pt
* \footskip=30.0pt
* \marginparwidth=65.0pt
* \marginparsep=11.0pt
* \columnsep=10.0pt
* \skip\footins=9.0pt plus 4.0pt minus 2.0pt
* \hoffset=0.0pt
* \voffset=0.0pt
* \mag=1000
* \@twocolumnfalse
* \@twosidefalse
* \@mparswitchfalse
* \@reversemarginfalse
* (1in=72.27pt=25.4mm, 1cm=28.453pt)

\c@lstlisting=\count129
ABD: EverySelectfont initializing macros
LaTeX Info: Redefining \selectfont on input line 46.
Package caption Info: Begin \AtBeginDocument code.
Package caption Info: End \AtBeginDocument code.
LaTeX Font Info:    Try loading font information for OMS+cmtt on input line 48.

LaTeX Font Info:    No file OMScmtt.fd. on input line 48.


LaTeX Font Warning: Font shape `OMS/cmtt/m/n' undefined
(Font)              using `OMS/cmsy/m/n' instead
(Font)              for symbol `textbraceleft' on input line 48.

(./abstract.tex
Missing character: There is no â in font cmr9!
Missing character: There is no € in font cmr9!
Missing character: There is no ™ in font cmr9!
) (./intro.tex

LaTeX Warning: Citation `isca11:dark-silicon' on page 1 undefined on input line
 7.

[1

{/usr/local/texlive/2016basic/texmf-var/fonts/map/pdftex/updmap/pdftex.map}]
Missing character: There is no â in font cmr10!
Missing character: There is no € in font cmr10!
Missing character: There is no ™ in font cmr10!


LaTeX Warning: Citation `1815968' on page 2 undefined on input line 31.


LaTeX Warning: Citation `nowatzki2016pushing' on page 2 undefined on input line
 37.


LaTeX Warning: Reference `fig:proposed-work-overview' on page 2 undefined on in
put line 42.


LaTeX Warning: Reference `sec:tdg' on page 2 undefined on input line 48.


LaTeX Warning: Reference `sec:limits' on page 2 undefined on input line 50.


LaTeX Warning: Reference `sec:design' on page 2 undefined on input line 51.


LaTeX Warning: Reference `sec:multi-acc' on page 2 undefined on input line 52.


LaTeX Warning: Reference `sec:summary' on page 2 undefined on input line 57.


LaTeX Warning: Reference `sec:deliverables' on page 2 undefined on input line 5
8.


LaTeX Warning: Reference `sec:timeline' on page 2 undefined on input line 59.

[2]) (./prior.tex

LaTeX Warning: Citation `nowatzki2016pushing' on page 3 undefined on input line
 3.


LaTeX Warning: Citation `1815968' on page 3 undefined on input line 13.

[3]

LaTeX Warning: Citation `menon2014memory' on page 4 undefined on input line 48.


<cs758-figs/prx-orig.png, id=22, 749.80125pt x 480.29437pt>
File: cs758-figs/prx-orig.png Graphic file (type png)

<use cs758-figs/prx-orig.png>
Package pdftex.def Info: cs758-figs/prx-orig.png used on input line 72.
(pdftex.def)             Requested size: 469.75502pt x 300.90877pt.
 [4]
<cs758-figs/proj.png, id=27, 727.96968pt x 294.34969pt>
File: cs758-figs/proj.png Graphic file (type png)

<use cs758-figs/proj.png>
Package pdftex.def Info: cs758-figs/proj.png used on input line 104.
(pdftex.def)             Requested size: 469.75502pt x 189.94615pt.
 [5 <./cs758-figs/prx-orig.png> <./cs758-figs/proj.png>]) (./motiv.tex <cs758-f
igs/prog-abs.png, id=32, 666.99188pt x 235.63031pt>
File: cs758-figs/prog-abs.png Graphic file (type png)

<use cs758-figs/prog-abs.png>
Package pdftex.def Info: cs758-figs/prog-abs.png used on input line 7.
(pdftex.def)             Requested size: 469.75502pt x 165.954pt.
) (./arch.tex) (./prog.tex [6 <./cs758-figs/prog-abs.png>]) (./meth.tex

LaTeX Warning: Citation `diannao' on page 7 undefined on input line 16.


LaTeX Warning: Citation `convolution_engine' on page 7 undefined on input line 
17.


LaTeX Warning: Citation `sanchez2013zsim' on page 7 undefined on input line 31.



LaTeX Warning: Citation `pin' on page 7 undefined on input line 32.

[7] <cs758-figs/zsim-meth.png, id=40, 722.7pt x 312.41719pt>
File: cs758-figs/zsim-meth.png Graphic file (type png)

<use cs758-figs/zsim-meth.png>
Package pdftex.def Info: cs758-figs/zsim-meth.png used on input line 37.
(pdftex.def)             Requested size: 469.75502pt x 203.07352pt.


LaTeX Warning: No positions in optional float specifier.
               Default added (so using `tbp') on input line 56.

[8 <./cs758-figs/zsim-meth.png>]

LaTeX Warning: Reference `tab:real-configs' on page 9 undefined on input line 8
8.


LaTeX Warning: No positions in optional float specifier.
               Default added (so using `tbp') on input line 92.

Missing character: There is no â in font cmr10!
Missing character: There is no € in font cmr10!
Missing character: There is no ˜ in font cmr10!
Missing character: There is no â in font cmr10!
Missing character: There is no € in font cmr10!
Missing character: There is no ™ in font cmr10!
) (./eval.tex
<cs758-figs/workload-progress.png, id=44, 685.56125pt x 343.2825pt>
File: cs758-figs/workload-progress.png Graphic file (type png)

<use cs758-figs/workload-progress.png>
Package pdftex.def Info: cs758-figs/workload-progress.png used on input line 5.

(pdftex.def)             Requested size: 469.75502pt x 235.2309pt.

<cs758-figs/scalability-dnn-pthread.png, id=45, 563.10374pt x 317.68687pt>
File: cs758-figs/scalability-dnn-pthread.png Graphic file (type png)

<use cs758-figs/scalability-dnn-pthread.png>
Package pdftex.def Info: cs758-figs/scalability-dnn-pthread.png used on input l
ine 19.
(pdftex.def)             Requested size: 469.75502pt x 265.02278pt.

<cs758-figs/scalability-dnn-omp.png, id=46, 475.02469pt x 298.11375pt>
File: cs758-figs/scalability-dnn-omp.png Graphic file (type png)

<use cs758-figs/scalability-dnn-omp.png>
Package pdftex.def Info: cs758-figs/scalability-dnn-omp.png used on input line 
32.
(pdftex.def)             Requested size: 469.75502pt x 294.81966pt.
 [9]
<cs758-figs/scalability-convEngine-pthread.png, id=50, 519.44063pt x 313.9228pt
>
File: cs758-figs/scalability-convEngine-pthread.png Graphic file (type png)
 <use cs758-figs/scalability-convEngine-pthread.png>
Package pdftex.def Info: cs758-figs/scalability-convEngine-pthread.png used on 
input line 50.
(pdftex.def)             Requested size: 469.75502pt x 283.89307pt.
 [10 <./cs758-figs/workload-progress.png> <./cs758-figs/scalability-dnn-pthread
.png>]

LaTeX Warning: Text page 11 contains only floats.

[11 <./cs758-figs/scalability-dnn-omp.png> <./cs758-figs/scalability-convEngine
-pthread.png>]
<cs758-figs/scalability-convEngine-omp.png, id=58, 519.44063pt x 286.06876pt>
File: cs758-figs/scalability-convEngine-omp.png Graphic file (type png)

<use cs758-figs/scalability-convEngine-omp.png>
Package pdftex.def Info: cs758-figs/scalability-convEngine-omp.png used on inpu
t line 71.
(pdftex.def)             Requested size: 469.75502pt x 258.70354pt.

<cs758-figs/speedup-classifier.png, id=59, 514.92375pt x 330.48468pt>
File: cs758-figs/speedup-classifier.png Graphic file (type png)

<use cs758-figs/speedup-classifier.png>
Package pdftex.def Info: cs758-figs/speedup-classifier.png used on input line 8
8.
(pdftex.def)             Requested size: 469.75502pt x 301.50299pt.
Missing character: There is no â in font cmr10!
Missing character: There is no € in font cmr10!
Missing character: There is no ™ in font cmr10!

<cs758-figs/speedup-histogram.png, id=60, 514.92375pt x 330.48468pt>
File: cs758-figs/speedup-histogram.png Graphic file (type png)

<use cs758-figs/speedup-histogram.png>
Package pdftex.def Info: cs758-figs/speedup-histogram.png used on input line 10
7.
(pdftex.def)             Requested size: 469.75502pt x 301.50299pt.
 [12 <./cs758-figs/scalability-convEngine-omp.png>]
<cs758-figs/speedup-comparison.png, id=64, 462.97969pt x 278.54062pt>
File: cs758-figs/speedup-comparison.png Graphic file (type png)

<use cs758-figs/speedup-comparison.png>
Package pdftex.def Info: cs758-figs/speedup-comparison.png used on input line 1
24.
(pdftex.def)             Requested size: 469.75502pt x 282.6201pt.
) (./conc.tex [13 <./cs758-figs/speedup-classifier.png>]

LaTeX Warning: Text page 14 contains only floats.

[14 <./cs758-figs/speedup-histogram.png> <./cs758-figs/speedup-comparison.png>]
)
No file prelim.bbl.
[15] (./prelim.aux)

LaTeX Font Warning: Some font shapes were not available, defaults substituted.


LaTeX Warning: There were undefined references.

 ) 
Here is how much of TeX's memory you used:
 6559 strings out of 494447
 99653 string characters out of 6166765
 176058 words of memory out of 5000000
 9755 multiletter control sequences out of 15000+600000
 10251 words of font info for 38 fonts, out of 8000000 for 9000
 319 hyphenation exceptions out of 8191
 36i,10n,39p,784b,305s stack positions out of 5000i,500n,10000p,200000b,80000s
</usr/local/texlive/2016basic/texmf-dist/fonts/type1/public/amsfonts/cm/cmbx1
0.pfb></usr/local/texlive/2016basic/texmf-dist/fonts/type1/public/amsfonts/cm/c
mbx12.pfb></usr/local/texlive/2016basic/texmf-dist/fonts/type1/public/amsfonts/
cm/cmbx9.pfb></usr/local/texlive/2016basic/texmf-dist/fonts/type1/public/amsfon
ts/cm/cmr10.pfb></usr/local/texlive/2016basic/texmf-dist/fonts/type1/public/ams
fonts/cm/cmr12.pfb></usr/local/texlive/2016basic/texmf-dist/fonts/type1/public/
amsfonts/cm/cmr17.pfb></usr/local/texlive/2016basic/texmf-dist/fonts/type1/publ
ic/amsfonts/cm/cmr9.pfb></usr/local/texlive/2016basic/texmf-dist/fonts/type1/pu
blic/amsfonts/cm/cmsy10.pfb></usr/local/texlive/2016basic/texmf-dist/fonts/type
1/public/amsfonts/cm/cmti10.pfb></usr/local/texlive/2016basic/texmf-dist/fonts/
type1/public/amsfonts/cm/cmtt12.pfb>
Output written on prelim.pdf (15 pages, 405306 bytes).
PDF statistics:
 108 PDF objects out of 1000 (max. 8388607)
 66 compressed objects within 1 object stream
 0 named destinations out of 1000 (max. 500000)
 61 words of extra memory for PDF output out of 10000 (max. 10000000)

